<?xml version="1.0" encoding="UTF-8"?>
<testng-results skipped="0" failed="0" ignored="0" total="1" passed="1">
  <reporter-output>
  </reporter-output>
  <suite name="Suite" duration-ms="17990" started-at="2017-09-16T12:58:45Z" finished-at="2017-09-16T12:59:03Z">
    <groups>
    </groups>
    <test name="Test" duration-ms="17990" started-at="2017-09-16T12:58:45Z" finished-at="2017-09-16T12:59:03Z">
      <class name="com.pack.DevGit.NewTest">
        <test-method status="PASS" signature="beforeClass()[pri:0, instance:com.pack.DevGit.NewTest@7a5d012c]" name="beforeClass" is-config="true" duration-ms="16809" started-at="2017-09-16T18:28:45Z" finished-at="2017-09-16T18:29:02Z">
          <reporter-output>
          </reporter-output>
        </test-method> <!-- beforeClass -->
        <test-method status="PASS" signature="f()[pri:0, instance:com.pack.DevGit.NewTest@7a5d012c]" name="f" duration-ms="0" started-at="2017-09-16T18:29:02Z" finished-at="2017-09-16T18:29:02Z">
          <reporter-output>
          </reporter-output>
        </test-method> <!-- f -->
        <test-method status="PASS" signature="afterClass()[pri:0, instance:com.pack.DevGit.NewTest@7a5d012c]" name="afterClass" is-config="true" duration-ms="1167" started-at="2017-09-16T18:29:02Z" finished-at="2017-09-16T18:29:03Z">
          <reporter-output>
          </reporter-output>
        </test-method> <!-- afterClass -->
      </class> <!-- com.pack.DevGit.NewTest -->
    </test> <!-- Test -->
  </suite> <!-- Suite -->
</testng-results>
