<?xml version="1.0" encoding="UTF-8"?>
<testng-results skipped="0" failed="0" ignored="0" total="1" passed="1">
  <reporter-output>
  </reporter-output>
  <suite name="Suite" duration-ms="23726" started-at="2017-09-16T12:45:37Z" finished-at="2017-09-16T12:46:00Z">
    <groups>
    </groups>
    <test name="Test" duration-ms="23726" started-at="2017-09-16T12:45:37Z" finished-at="2017-09-16T12:46:00Z">
      <class name="com.pack.DevGit.NewTest">
        <test-method status="PASS" signature="beforeClass()[pri:0, instance:com.pack.DevGit.NewTest@7a5d012c]" name="beforeClass" is-config="true" duration-ms="22765" started-at="2017-09-16T18:15:37Z" finished-at="2017-09-16T18:15:59Z">
          <reporter-output>
          </reporter-output>
        </test-method> <!-- beforeClass -->
        <test-method status="PASS" signature="f()[pri:0, instance:com.pack.DevGit.NewTest@7a5d012c]" name="f" duration-ms="2" started-at="2017-09-16T18:15:59Z" finished-at="2017-09-16T18:15:59Z">
          <reporter-output>
          </reporter-output>
        </test-method> <!-- f -->
        <test-method status="PASS" signature="afterClass()[pri:0, instance:com.pack.DevGit.NewTest@7a5d012c]" name="afterClass" is-config="true" duration-ms="937" started-at="2017-09-16T18:15:59Z" finished-at="2017-09-16T18:16:00Z">
          <reporter-output>
          </reporter-output>
        </test-method> <!-- afterClass -->
      </class> <!-- com.pack.DevGit.NewTest -->
    </test> <!-- Test -->
  </suite> <!-- Suite -->
</testng-results>
